0 info it worked if it ends with ok
1 verbose cli [ '/Users/tonypolinelli/.nvm/versions/node/v4.1.1/bin/node',
1 verbose cli   '/Users/tonypolinelli/.nvm/versions/node/v4.1.1/bin/npm',
1 verbose cli   'version',
1 verbose cli   '0.0.0' ]
2 info using npm@2.14.4
3 info using node@v4.1.1
4 verbose stack Error: Version not changed
4 verbose stack     at /Users/tonypolinelli/.nvm/versions/node/v4.1.1/lib/node_modules/npm/lib/version.js:51:49
4 verbose stack     at /Users/tonypolinelli/.nvm/versions/node/v4.1.1/lib/node_modules/npm/node_modules/graceful-fs/graceful-fs.js:76:16
4 verbose stack     at FSReqWrap.readFileAfterClose [as oncomplete] (fs.js:380:3)
5 verbose cwd /Users/tonypolinelli/repos/fluxton
6 error Darwin 14.5.0
7 error argv "/Users/tonypolinelli/.nvm/versions/node/v4.1.1/bin/node" "/Users/tonypolinelli/.nvm/versions/node/v4.1.1/bin/npm" "version" "0.0.0"
8 error node v4.1.1
9 error npm  v2.14.4
10 error Version not changed
11 error If you need help, you may report this error at:
11 error     <https://github.com/npm/npm/issues>
12 verbose exit [ 1, true ]
